<?xml version="1.0" encoding="utf-8"?><testsuites name="pytest tests"><testsuite name="pytest" errors="0" failures="0" skipped="0" tests="14" time="0.186" timestamp="2026-07-15T19:03:47.034379+00:00" hostname="agent-env-3057b4ee-5407-409a-ad07-3abc182e1674"><testcase classname="backend.tests.test_prosic_backend.TestAuth" name="test_login_success" time="0.019" /><testcase classname="backend.tests.test_prosic_backend.TestAuth" name="test_login_invalid_credentials" time="0.005" /><testcase classname="backend.tests.test_prosic_backend.TestAuth" name="test_me_with_token" time="0.007" /><testcase classname="backend.tests.test_prosic_backend.TestSheets" name="test_status_not_configured" time="0.005" /><testcase classname="backend.tests.test_prosic_backend.TestSheets" name="test_sync_export_400_when_unconfigured" time="0.007" /><testcase classname="backend.tests.test_prosic_backend.TestSheets" name="test_import_400_when_unconfigured" time="0.004" /><testcase classname="backend.tests.test_prosic_backend.TestSheets" name="test_history_returns_array" time="0.004" /><testcase classname="backend.tests.test_prosic_backend.TestRentalsPublic" name="test_validate_identity_ok" time="0.003" /><testcase classname="backend.tests.test_prosic_backend.TestRentalsPublic" name="test_create_payment_intent_stripe_placeholder" time="0.038" /><testcase classname="backend.tests.test_prosic_backend.TestRentalsPublic" name="test_payment_status_not_found" time="0.004" /><testcase classname="backend.tests.test_prosic_backend.TestQuotes" name="test_postal_zone_06000" time="0.003" /><testcase classname="backend.tests.test_prosic_backend.TestQuotes" name="test_create_quote" time="0.005" /><testcase classname="backend.tests.test_prosic_backend.TestQuotes" name="test_list_quotes_with_token" time="0.003" /><testcase classname="backend.tests.test_prosic_backend.TestEquipmentPublic" name="test_equipment_public_list" time="0.003" /></testsuite></testsuites>