<?xml version="1.0" encoding="utf-8"?><testsuites name="pytest tests"><testsuite name="pytest" errors="0" failures="0" skipped="0" tests="17" time="0.156" timestamp="2026-07-15T19:58:02.776522+00:00" hostname="agent-env-3057b4ee-5407-409a-ad07-3abc182e1674"><testcase classname="backend.tests.test_schema.TestSchemaContractPublic" name="test_get_schema_is_public_and_returns_full_contract" time="0.006" /><testcase classname="backend.tests.test_schema.TestSchemaContractPublic" name="test_get_schema_servicios_shape" time="0.004" /><testcase classname="backend.tests.test_schema.TestSchemaContractPublic" name="test_get_schema_unknown_sheet_returns_404" time="0.002" /><testcase classname="backend.tests.test_schema.TestSchemaGenerateId" name="test_generate_id_servicio_returns_srv_prefix" time="0.028" /><testcase classname="backend.tests.test_schema.TestSchemaGenerateId" name="test_generate_id_conductor_returns_cond_prefix" time="0.004" /><testcase classname="backend.tests.test_schema.TestSchemaGenerateId" name="test_generate_id_without_auth_returns_401" time="0.003" /><testcase classname="backend.tests.test_schema.TestSchemaMutationsNoSheets" name="test_import_without_auth_returns_401" time="0.003" /><testcase classname="backend.tests.test_schema.TestSchemaMutationsNoSheets" name="test_import_admin_no_sheets_returns_400_sheets_no_configurado" time="0.004" /><testcase classname="backend.tests.test_schema.TestSchemaMutationsNoSheets" name="test_import_all_admin_no_sheets_returns_400" time="0.003" /><testcase classname="backend.tests.test_schema.TestSchemaMutationsNoSheets" name="test_normalize_admin_no_sheets_returns_400" time="0.004" /><testcase classname="backend.tests.test_schema.TestSchemaValidate" name="test_validate_unknown_sheet_returns_400_sheet_no_declarada" time="0.003" /><testcase classname="backend.tests.test_schema.TestSchemaValidate" name="test_validate_servicios_no_sheets_returns_400_sheets_no_configurado" time="0.003" /><testcase classname="backend.tests.test_schema.TestSchemaPreview" name="test_preview_servicios_no_sheets_returns_400_sheets_no_configurado" time="0.003" /><testcase classname="backend.tests.test_schema.TestRegressions" name="test_auth_login_admin_still_works" time="0.003" /><testcase classname="backend.tests.test_schema.TestRegressions" name="test_get_settings_admin_still_returns_five_keys" time="0.003" /><testcase classname="backend.tests.test_schema.TestRegressions" name="test_sheets_status_still_not_configured" time="0.004" /><testcase classname="backend.tests.test_schema.TestRegressions" name="test_create_payment_intent_still_returns_503_stripe_not_configured" time="0.003" /></testsuite></testsuites>