<?xml version="1.0" encoding="utf-8"?><testsuites name="pytest tests"><testsuite name="pytest" errors="0" failures="0" skipped="0" tests="19" time="78.361" timestamp="2026-07-15T19:39:10.897269+00:00" hostname="agent-env-3057b4ee-5407-409a-ad07-3abc182e1674"><testcase classname="backend.tests.test_settings.TestSettingsAuth" name="test_get_settings_without_token_returns_401" time="0.006" /><testcase classname="backend.tests.test_settings.TestSettingsAuth" name="test_get_settings_with_admin_returns_five_keys" time="10.449" /><testcase classname="backend.tests.test_settings.TestSettingsAuth" name="test_put_requires_admin_operaciones_gets_403" time="0.010" /><testcase classname="backend.tests.test_settings.TestSettingsAuth" name="test_post_test_stripe_requires_admin" time="0.004" /><testcase classname="backend.tests.test_settings.TestSettingsAuth" name="test_post_test_sheets_requires_admin" time="0.003" /><testcase classname="backend.tests.test_settings.TestSettingsPutValidation" name="test_put_invalid_key_name_returns_400" time="0.004" /><testcase classname="backend.tests.test_settings.TestSettingsPutValidation" name="test_put_stripe_secret_invalid_value_returns_400" time="0.003" /><testcase classname="backend.tests.test_settings.TestSettingsPutValidation" name="test_put_stripe_secret_valid_value_returns_success" time="10.428" /><testcase classname="backend.tests.test_settings.TestSettingsPutValidation" name="test_put_stripe_publishable_invalid_returns_400" time="0.005" /><testcase classname="backend.tests.test_settings.TestSettingsPutValidation" name="test_put_stripe_publishable_valid_returns_success" time="0.004" /><testcase classname="backend.tests.test_settings.TestSettingsPutValidation" name="test_put_google_service_account_not_json_returns_400" time="0.004" /><testcase classname="backend.tests.test_settings.TestSettingsPutValidation" name="test_put_google_service_account_valid_json_returns_success" time="0.004" /><testcase classname="backend.tests.test_settings.TestSettingsPutValidation" name="test_put_google_sheets_id_returns_success" time="0.004" /><testcase classname="backend.tests.test_settings.TestSettingsConnectionTests" name="test_stripe_test_without_config_returns_no_configurado" time="10.422" /><testcase classname="backend.tests.test_settings.TestSettingsConnectionTests" name="test_sheets_test_without_config_returns_no_configurado" time="10.427" /><testcase classname="backend.tests.test_settings.TestSettingsConnectionTests" name="test_sheets_test_with_fake_credentials_does_not_crash" time="15.642" /><testcase classname="backend.tests.test_settings.TestRegressions" name="test_login_still_works" time="0.005" /><testcase classname="backend.tests.test_settings.TestRegressions" name="test_sheets_status_not_configured" time="10.423" /><testcase classname="backend.tests.test_settings.TestRegressions" name="test_create_payment_intent_without_stripe_returns_503" time="10.426" /></testsuite></testsuites>